Using pre-set license
Built from '2020.3/staging' branch; Version is '2020.3.8f1 (507919d4fff5) revision 5273881'; Using compiler version '192528614'; Build Type 'Release'
OS: 'Windows 10 Pro; OS build 19045.2251; Version 2009; 64bit' Language: 'en' Physical Memory: 16313 MB
BatchMode: 1, IsHumanControllingUs: 0, StartBugReporterOnCrash: 0, Is64bit: 1, IsPro: 0

 COMMAND LINE ARGUMENTS:
C:\Program Files\Unity\Hub\Editor\2020.3.8f1\Editor\Unity.exe
-adb2
-batchMode
-noUpm
-name
AssetImportWorker0
-projectPath
C:/Users/Ivor/Documents/GitHub/notalone/New Unity Project
-logFile
Logs/AssetImportWorker0.log
-srvPort
60686
Successfully changed project path to: C:/Users/Ivor/Documents/GitHub/notalone/New Unity Project
C:/Users/Ivor/Documents/GitHub/notalone/New Unity Project
Using Asset Import Pipeline V2.
Refreshing native plugins compatible for Editor in 50.18 ms, found 1 plugins.
Preloading 0 native plugins for Editor in 0.00 ms.
Initialize engine version: 2020.3.8f1 (507919d4fff5)
[Subsystems] Discovering subsystems at path C:/Program Files/Unity/Hub/Editor/2020.3.8f1/Editor/Data/Resources/UnitySubsystems
[Subsystems] Discovering subsystems at path C:/Users/Ivor/Documents/GitHub/notalone/New Unity Project/Assets
GfxDevice: creating device client; threaded=0
Direct3D:
    Version:  Direct3D 11.0 [level 11.1]
    Renderer: NVIDIA GeForce RTX 2060 SUPER (ID=0x1f06)
    Vendor:   
    VRAM:     8031 MB
    Driver:   31.0.15.1694
Initialize mono
Mono path[0] = 'C:/Program Files/Unity/Hub/Editor/2020.3.8f1/Editor/Data/Managed'
Mono path[1] = 'C:/Program Files/Unity/Hub/Editor/2020.3.8f1/Editor/Data/MonoBleedingEdge/lib/mono/unityjit'
Mono config path = 'C:/Program Files/Unity/Hub/Editor/2020.3.8f1/Editor/Data/MonoBleedingEdge/etc'
Using monoOptions --debugger-agent=transport=dt_socket,embedding=1,server=y,suspend=n,address=127.0.0.1:56740
Begin MonoManager ReloadAssembly
Registering precompiled unity dll's ...
Register platform support module: C:/Program Files/Unity/Hub/Editor/2020.3.8f1/Editor/Data/PlaybackEngines/WebGLSupport/UnityEditor.WebGL.Extensions.dll
Register platform support module: C:/Program Files/Unity/Hub/Editor/2020.3.8f1/Editor/Data/PlaybackEngines/WindowsStandaloneSupport/UnityEditor.WindowsStandalone.Extensions.dll
Registered in 0.002855 seconds.
Native extension for WindowsStandalone target not found
Native extension for WebGL target not found
Refreshing native plugins compatible for Editor in 47.75 ms, found 1 plugins.
Preloading 0 native plugins for Editor in 0.00 ms.
Mono: successfully reloaded assembly
- Completed reload, in  1.180 seconds
Platform modules already initialized, skipping
Registering precompiled user dll's ...
Registered in 0.003038 seconds.
Begin MonoManager ReloadAssembly
Native extension for WindowsStandalone target not found
Native extension for WebGL target not found
Refreshing native plugins compatible for Editor in 47.84 ms, found 1 plugins.
Preloading 0 native plugins for Editor in 0.00 ms.
Mono: successfully reloaded assembly
- Completed reload, in  1.040 seconds
Platform modules already initialized, skipping
========================================================================
Worker process is ready to serve import requests
Launched and connected shader compiler UnityShaderCompiler.exe after 0.05 seconds
Refreshing native plugins compatible for Editor in 0.59 ms, found 1 plugins.
Preloading 0 native plugins for Editor in 0.00 ms.
Unloading 2161 Unused Serialized files (Serialized files now loaded: 0)
System memory in use before: 97.0 MB.
System memory in use after: 96.9 MB.

Unloading 29 unused Assets to reduce memory usage. Loaded Objects now: 2600.
Total: 2.610800 ms (FindLiveObjects: 0.314300 ms CreateObjectMapping: 0.054700 ms MarkObjects: 2.083100 ms  DeleteObjects: 0.157300 ms)

========================================================================
Received Import Request.
  path: Assets/prefab/palceasign.prefab
  artifactKey: Guid(c75fbe900e3c0184984a9f0e5b995273) Importer(815301076,1909f56bfc062723c751e8b465ee728b)
Start importing Assets/prefab/palceasign.prefab using Guid(c75fbe900e3c0184984a9f0e5b995273) Importer(815301076,1909f56bfc062723c751e8b465ee728b)  -> (artifact id: 'a083760bb3d3b49cf46bead4d1443bd6') in 0.047776 seconds
  Import took 0.051131 seconds .

========================================================================
Received Import Request.
  Time since last request: 0.000359 seconds.
  path: Assets/prefab/will.prefab
  artifactKey: Guid(40d18a9df2fcf014a99041357126d83d) Importer(815301076,1909f56bfc062723c751e8b465ee728b)
Start importing Assets/prefab/will.prefab using Guid(40d18a9df2fcf014a99041357126d83d) Importer(815301076,1909f56bfc062723c751e8b465ee728b)  -> (artifact id: '3e94e4bb2cd5a4b3396bd238af135043') in 0.013141 seconds
  Import took 0.016795 seconds .

========================================================================
Received Import Request.
  Time since last request: 3.188614 seconds.
  path: Assets/prefab/Player.prefab
  artifactKey: Guid(9dbfe65ca4ce48542b23a49bae47b337) Importer(815301076,1909f56bfc062723c751e8b465ee728b)
Start importing Assets/prefab/Player.prefab using Guid(9dbfe65ca4ce48542b23a49bae47b337) Importer(815301076,1909f56bfc062723c751e8b465ee728b)  -> (artifact id: 'cb61d6db54df2c2b57ae01862ca25287') in 0.016996 seconds
  Import took 0.021390 seconds .

========================================================================
Received Import Request.
  Time since last request: 6.120802 seconds.
  path: Assets/prefab/Player.prefab
  artifactKey: Guid(9dbfe65ca4ce48542b23a49bae47b337) Importer(815301076,1909f56bfc062723c751e8b465ee728b)
Start importing Assets/prefab/Player.prefab using Guid(9dbfe65ca4ce48542b23a49bae47b337) Importer(815301076,1909f56bfc062723c751e8b465ee728b)  -> (artifact id: 'b07680c26d4c4694ffe964ea3bb73c1d') in 0.004589 seconds
  Import took 0.008430 seconds .

========================================================================
Received Import Request.
  Time since last request: 16.942567 seconds.
  path: Assets/prefab/Player.prefab
  artifactKey: Guid(9dbfe65ca4ce48542b23a49bae47b337) Importer(815301076,1909f56bfc062723c751e8b465ee728b)
Start importing Assets/prefab/Player.prefab using Guid(9dbfe65ca4ce48542b23a49bae47b337) Importer(815301076,1909f56bfc062723c751e8b465ee728b)  -> (artifact id: '55219acf4304febf6f99734b73ed7b94') in 0.005643 seconds
  Import took 0.010662 seconds .

========================================================================
Received Import Request.
  Time since last request: 22.035948 seconds.
  path: Assets/prefab/Player.prefab
  artifactKey: Guid(9dbfe65ca4ce48542b23a49bae47b337) Importer(815301076,1909f56bfc062723c751e8b465ee728b)
Start importing Assets/prefab/Player.prefab using Guid(9dbfe65ca4ce48542b23a49bae47b337) Importer(815301076,1909f56bfc062723c751e8b465ee728b)  -> (artifact id: 'a174be83d3c6801dacdcc8457fa39679') in 0.004691 seconds
  Import took 0.008878 seconds .

========================================================================
Received Import Request.
  Time since last request: 6.431288 seconds.
  path: Assets/prefab/Player.prefab
  artifactKey: Guid(9dbfe65ca4ce48542b23a49bae47b337) Importer(815301076,1909f56bfc062723c751e8b465ee728b)
Start importing Assets/prefab/Player.prefab using Guid(9dbfe65ca4ce48542b23a49bae47b337) Importer(815301076,1909f56bfc062723c751e8b465ee728b)  -> (artifact id: '1461d3517aae1829d1d93706cb7cbc11') in 0.005136 seconds
  Import took 0.010705 seconds .

========================================================================
Received Import Request.
  Time since last request: 5.432149 seconds.
  path: Assets/prefab/Player.prefab
  artifactKey: Guid(9dbfe65ca4ce48542b23a49bae47b337) Importer(815301076,1909f56bfc062723c751e8b465ee728b)
Start importing Assets/prefab/Player.prefab using Guid(9dbfe65ca4ce48542b23a49bae47b337) Importer(815301076,1909f56bfc062723c751e8b465ee728b)  -> (artifact id: 'a3e94f1090f9094884f6f8c5b13e183e') in 0.006626 seconds
  Import took 0.010913 seconds .

========================================================================
Received Prepare
Registering precompiled user dll's ...
Registered in 0.002733 seconds.
Begin MonoManager ReloadAssembly
Native extension for WindowsStandalone target not found
Native extension for WebGL target not found
Refreshing native plugins compatible for Editor in 0.88 ms, found 1 plugins.
Preloading 0 native plugins for Editor in 0.00 ms.
Mono: successfully reloaded assembly
- Completed reload, in  0.962 seconds
Platform modules already initialized, skipping
Refreshing native plugins compatible for Editor in 0.61 ms, found 1 plugins.
Preloading 0 native plugins for Editor in 0.00 ms.
Unloading 2143 Unused Serialized files (Serialized files now loaded: 0)
System memory in use before: 95.7 MB.
System memory in use after: 95.7 MB.

Unloading 18 unused Assets to reduce memory usage. Loaded Objects now: 2604.
Total: 3.757100 ms (FindLiveObjects: 0.342100 ms CreateObjectMapping: 0.069700 ms MarkObjects: 3.181600 ms  DeleteObjects: 0.162100 ms)

========================================================================
Received Import Request.
  Time since last request: 112.283574 seconds.
  path: Assets/prefab/Player.prefab
  artifactKey: Guid(9dbfe65ca4ce48542b23a49bae47b337) Importer(815301076,1909f56bfc062723c751e8b465ee728b)
Start importing Assets/prefab/Player.prefab using Guid(9dbfe65ca4ce48542b23a49bae47b337) Importer(815301076,1909f56bfc062723c751e8b465ee728b)  -> (artifact id: '2199f40798de804c503e84ef1239a89a') in 0.047854 seconds
  Import took 0.052117 seconds .

========================================================================
Received Prepare
Registering precompiled user dll's ...
Registered in 0.002775 seconds.
Begin MonoManager ReloadAssembly
Native extension for WindowsStandalone target not found
Native extension for WebGL target not found
Refreshing native plugins compatible for Editor in 0.59 ms, found 1 plugins.
Preloading 0 native plugins for Editor in 0.00 ms.
Mono: successfully reloaded assembly
- Completed reload, in  0.909 seconds
Platform modules already initialized, skipping
Refreshing native plugins compatible for Editor in 0.87 ms, found 1 plugins.
Preloading 0 native plugins for Editor in 0.00 ms.
Unloading 2143 Unused Serialized files (Serialized files now loaded: 0)
System memory in use before: 95.7 MB.
System memory in use after: 95.7 MB.

Unloading 18 unused Assets to reduce memory usage. Loaded Objects now: 2608.
Total: 5.310100 ms (FindLiveObjects: 0.313200 ms CreateObjectMapping: 0.057800 ms MarkObjects: 4.802200 ms  DeleteObjects: 0.135200 ms)

========================================================================
Received Prepare
Registering precompiled user dll's ...
Registered in 0.003073 seconds.
Begin MonoManager ReloadAssembly
Native extension for WindowsStandalone target not found
Native extension for WebGL target not found
Refreshing native plugins compatible for Editor in 1.00 ms, found 1 plugins.
Preloading 0 native plugins for Editor in 0.00 ms.
Mono: successfully reloaded assembly
- Completed reload, in  0.906 seconds
Platform modules already initialized, skipping
Refreshing native plugins compatible for Editor in 0.69 ms, found 1 plugins.
Preloading 0 native plugins for Editor in 0.00 ms.
Unloading 2143 Unused Serialized files (Serialized files now loaded: 0)
System memory in use before: 95.7 MB.
System memory in use after: 95.7 MB.

Unloading 17 unused Assets to reduce memory usage. Loaded Objects now: 2612.
Total: 2.961900 ms (FindLiveObjects: 0.589400 ms CreateObjectMapping: 0.154600 ms MarkObjects: 2.081500 ms  DeleteObjects: 0.134300 ms)

========================================================================
Received Import Request.
  Time since last request: 139.672706 seconds.
  path: Assets/Scenes/game.unity
  artifactKey: Guid(bd0e5bb3ce008f54f90e26267ed298e3) Importer(815301076,1909f56bfc062723c751e8b465ee728b)
Start importing Assets/Scenes/game.unity using Guid(bd0e5bb3ce008f54f90e26267ed298e3) Importer(815301076,1909f56bfc062723c751e8b465ee728b)  -> (artifact id: 'bc9855d73a0d75a3e95f0ab094759fbb') in 0.022027 seconds
  Import took 0.025672 seconds .

========================================================================
Received Prepare
Registering precompiled user dll's ...
Registered in 0.004247 seconds.
Begin MonoManager ReloadAssembly
Native extension for WindowsStandalone target not found
Native extension for WebGL target not found
Refreshing native plugins compatible for Editor in 0.68 ms, found 1 plugins.
Preloading 0 native plugins for Editor in 0.00 ms.
Mono: successfully reloaded assembly
- Completed reload, in  1.093 seconds
Platform modules already initialized, skipping
Refreshing native plugins compatible for Editor in 0.63 ms, found 1 plugins.
Preloading 0 native plugins for Editor in 0.00 ms.
Unloading 2143 Unused Serialized files (Serialized files now loaded: 0)
System memory in use before: 95.8 MB.
System memory in use after: 95.8 MB.

Unloading 17 unused Assets to reduce memory usage. Loaded Objects now: 2616.
Total: 2.696000 ms (FindLiveObjects: 0.301500 ms CreateObjectMapping: 0.049900 ms MarkObjects: 2.204700 ms  DeleteObjects: 0.138400 ms)

========================================================================
Received Prepare
Registering precompiled user dll's ...
Registered in 0.002765 seconds.
Begin MonoManager ReloadAssembly
Native extension for WindowsStandalone target not found
Native extension for WebGL target not found
Refreshing native plugins compatible for Editor in 0.84 ms, found 1 plugins.
Preloading 0 native plugins for Editor in 0.00 ms.
Mono: successfully reloaded assembly
- Completed reload, in  0.983 seconds
Platform modules already initialized, skipping
Refreshing native plugins compatible for Editor in 0.85 ms, found 1 plugins.
Preloading 0 native plugins for Editor in 0.00 ms.
Unloading 2143 Unused Serialized files (Serialized files now loaded: 0)
System memory in use before: 95.8 MB.
System memory in use after: 95.8 MB.

Unloading 17 unused Assets to reduce memory usage. Loaded Objects now: 2620.
Total: 2.954100 ms (FindLiveObjects: 0.468900 ms CreateObjectMapping: 0.055200 ms MarkObjects: 2.272200 ms  DeleteObjects: 0.155700 ms)

========================================================================
Received Prepare
Registering precompiled user dll's ...
Registered in 0.003298 seconds.
Begin MonoManager ReloadAssembly
Native extension for WindowsStandalone target not found
Native extension for WebGL target not found
Refreshing native plugins compatible for Editor in 0.61 ms, found 1 plugins.
Preloading 0 native plugins for Editor in 0.00 ms.
Mono: successfully reloaded assembly
- Completed reload, in  0.856 seconds
Platform modules already initialized, skipping
Refreshing native plugins compatible for Editor in 0.51 ms, found 1 plugins.
Preloading 0 native plugins for Editor in 0.00 ms.
Unloading 2143 Unused Serialized files (Serialized files now loaded: 0)
System memory in use before: 95.8 MB.
System memory in use after: 95.8 MB.

Unloading 17 unused Assets to reduce memory usage. Loaded Objects now: 2624.
Total: 2.518900 ms (FindLiveObjects: 0.314300 ms CreateObjectMapping: 0.061400 ms MarkObjects: 2.008500 ms  DeleteObjects: 0.133400 ms)

========================================================================
Received Prepare
Registering precompiled user dll's ...
Registered in 0.003479 seconds.
Begin MonoManager ReloadAssembly
Native extension for WindowsStandalone target not found
Native extension for WebGL target not found
Refreshing native plugins compatible for Editor in 0.53 ms, found 1 plugins.
Preloading 0 native plugins for Editor in 0.00 ms.
Mono: successfully reloaded assembly
- Completed reload, in  0.809 seconds
Platform modules already initialized, skipping
Refreshing native plugins compatible for Editor in 0.51 ms, found 1 plugins.
Preloading 0 native plugins for Editor in 0.00 ms.
Unloading 2143 Unused Serialized files (Serialized files now loaded: 0)
System memory in use before: 95.8 MB.
System memory in use after: 95.8 MB.

Unloading 17 unused Assets to reduce memory usage. Loaded Objects now: 2628.
Total: 2.196900 ms (FindLiveObjects: 0.205500 ms CreateObjectMapping: 0.052600 ms MarkObjects: 1.814000 ms  DeleteObjects: 0.123800 ms)

========================================================================
Received Prepare
Registering precompiled user dll's ...
Registered in 0.003671 seconds.
Begin MonoManager ReloadAssembly
Native extension for WindowsStandalone target not found
Native extension for WebGL target not found
Refreshing native plugins compatible for Editor in 0.57 ms, found 1 plugins.
Preloading 0 native plugins for Editor in 0.00 ms.
Mono: successfully reloaded assembly
- Completed reload, in  0.906 seconds
Platform modules already initialized, skipping
Refreshing native plugins compatible for Editor in 0.75 ms, found 1 plugins.
Preloading 0 native plugins for Editor in 0.00 ms.
Unloading 2143 Unused Serialized files (Serialized files now loaded: 0)
System memory in use before: 95.8 MB.
System memory in use after: 95.8 MB.

Unloading 17 unused Assets to reduce memory usage. Loaded Objects now: 2632.
Total: 2.194000 ms (FindLiveObjects: 0.269200 ms CreateObjectMapping: 0.053200 ms MarkObjects: 1.751800 ms  DeleteObjects: 0.118700 ms)

========================================================================
Received Import Request.
  Time since last request: 14826.939894 seconds.
  path: Assets/prefab/Player.prefab
  artifactKey: Guid(9dbfe65ca4ce48542b23a49bae47b337) Importer(815301076,1909f56bfc062723c751e8b465ee728b)
Start importing Assets/prefab/Player.prefab using Guid(9dbfe65ca4ce48542b23a49bae47b337) Importer(815301076,1909f56bfc062723c751e8b465ee728b)  -> (artifact id: '13852cc73a8d7f20410c379cde876f62') in 0.039806 seconds
  Import took 0.043496 seconds .

========================================================================
Received Prepare
Registering precompiled user dll's ...
Registered in 0.003768 seconds.
Begin MonoManager ReloadAssembly
Native extension for WindowsStandalone target not found
Native extension for WebGL target not found
Refreshing native plugins compatible for Editor in 0.57 ms, found 1 plugins.
Preloading 0 native plugins for Editor in 0.00 ms.
Mono: successfully reloaded assembly
- Completed reload, in  0.922 seconds
Platform modules already initialized, skipping
Refreshing native plugins compatible for Editor in 0.66 ms, found 1 plugins.
Preloading 0 native plugins for Editor in 0.00 ms.
Unloading 2143 Unused Serialized files (Serialized files now loaded: 0)
System memory in use before: 95.8 MB.
System memory in use after: 95.8 MB.

Unloading 18 unused Assets to reduce memory usage. Loaded Objects now: 2636.
Total: 2.652500 ms (FindLiveObjects: 0.427400 ms CreateObjectMapping: 0.086100 ms MarkObjects: 1.999400 ms  DeleteObjects: 0.138400 ms)

========================================================================
Received Import Request.
  Time since last request: 71.116386 seconds.
  path: Assets/prefab/Player.prefab
  artifactKey: Guid(9dbfe65ca4ce48542b23a49bae47b337) Importer(815301076,1909f56bfc062723c751e8b465ee728b)
Start importing Assets/prefab/Player.prefab using Guid(9dbfe65ca4ce48542b23a49bae47b337) Importer(815301076,1909f56bfc062723c751e8b465ee728b)  -> (artifact id: '002e6f26e7e46ce7deec1c27d93e2885') in 0.036500 seconds
  Import took 0.040139 seconds .

========================================================================
Received Import Request.
  Time since last request: 8.594426 seconds.
  path: Assets/prefab/Player.prefab
  artifactKey: Guid(9dbfe65ca4ce48542b23a49bae47b337) Importer(815301076,1909f56bfc062723c751e8b465ee728b)
Start importing Assets/prefab/Player.prefab using Guid(9dbfe65ca4ce48542b23a49bae47b337) Importer(815301076,1909f56bfc062723c751e8b465ee728b)  -> (artifact id: 'be44ae476c40235b73f011abcca36e76') in 0.004300 seconds
  Import took 0.007705 seconds .

========================================================================
Received Prepare
Registering precompiled user dll's ...
Registered in 0.002788 seconds.
Begin MonoManager ReloadAssembly
Native extension for WindowsStandalone target not found
Native extension for WebGL target not found
Refreshing native plugins compatible for Editor in 0.83 ms, found 1 plugins.
Preloading 0 native plugins for Editor in 0.00 ms.
Mono: successfully reloaded assembly
- Completed reload, in  1.039 seconds
Platform modules already initialized, skipping
Refreshing native plugins compatible for Editor in 0.70 ms, found 1 plugins.
Preloading 0 native plugins for Editor in 0.00 ms.
Unloading 2143 Unused Serialized files (Serialized files now loaded: 0)
System memory in use before: 95.8 MB.
System memory in use after: 95.8 MB.

Unloading 18 unused Assets to reduce memory usage. Loaded Objects now: 2640.
Total: 3.166500 ms (FindLiveObjects: 0.290200 ms CreateObjectMapping: 0.053400 ms MarkObjects: 2.647400 ms  DeleteObjects: 0.174000 ms)

========================================================================
Received Prepare
Registering precompiled user dll's ...
Registered in 0.002900 seconds.
Begin MonoManager ReloadAssembly
Native extension for WindowsStandalone target not found
Native extension for WebGL target not found
Refreshing native plugins compatible for Editor in 0.77 ms, found 1 plugins.
Preloading 0 native plugins for Editor in 0.00 ms.
Mono: successfully reloaded assembly
- Completed reload, in  0.924 seconds
Platform modules already initialized, skipping
Refreshing native plugins compatible for Editor in 0.56 ms, found 1 plugins.
Preloading 0 native plugins for Editor in 0.00 ms.
Unloading 2143 Unused Serialized files (Serialized files now loaded: 0)
System memory in use before: 95.8 MB.
System memory in use after: 95.8 MB.

Unloading 17 unused Assets to reduce memory usage. Loaded Objects now: 2644.
Total: 3.038800 ms (FindLiveObjects: 0.337300 ms CreateObjectMapping: 0.111900 ms MarkObjects: 2.449200 ms  DeleteObjects: 0.138700 ms)

========================================================================
Received Prepare
Registering precompiled user dll's ...
Registered in 0.003982 seconds.
Begin MonoManager ReloadAssembly
Native extension for WindowsStandalone target not found
Native extension for WebGL target not found
Refreshing native plugins compatible for Editor in 0.58 ms, found 1 plugins.
Preloading 0 native plugins for Editor in 0.00 ms.
Mono: successfully reloaded assembly
- Completed reload, in  1.111 seconds
Platform modules already initialized, skipping
Refreshing native plugins compatible for Editor in 0.66 ms, found 1 plugins.
Preloading 0 native plugins for Editor in 0.00 ms.
Unloading 2143 Unused Serialized files (Serialized files now loaded: 0)
System memory in use before: 95.8 MB.
System memory in use after: 95.8 MB.

Unloading 17 unused Assets to reduce memory usage. Loaded Objects now: 2648.
Total: 3.302100 ms (FindLiveObjects: 0.513500 ms CreateObjectMapping: 0.121100 ms MarkObjects: 2.519700 ms  DeleteObjects: 0.146300 ms)

========================================================================
Received Prepare
Registering precompiled user dll's ...
Registered in 0.003718 seconds.
Begin MonoManager ReloadAssembly
Native extension for WindowsStandalone target not found
Native extension for WebGL target not found
Refreshing native plugins compatible for Editor in 0.69 ms, found 1 plugins.
Preloading 0 native plugins for Editor in 0.00 ms.
Mono: successfully reloaded assembly
- Completed reload, in  0.987 seconds
Platform modules already initialized, skipping
Refreshing native plugins compatible for Editor in 0.58 ms, found 1 plugins.
Preloading 0 native plugins for Editor in 0.00 ms.
Unloading 2143 Unused Serialized files (Serialized files now loaded: 0)
System memory in use before: 95.9 MB.
System memory in use after: 95.8 MB.

Unloading 17 unused Assets to reduce memory usage. Loaded Objects now: 2652.
Total: 3.072300 ms (FindLiveObjects: 0.568500 ms CreateObjectMapping: 0.174400 ms MarkObjects: 2.148400 ms  DeleteObjects: 0.179400 ms)

========================================================================
Received Prepare
Registering precompiled user dll's ...
Registered in 0.002778 seconds.
Begin MonoManager ReloadAssembly
Native extension for WindowsStandalone target not found
Native extension for WebGL target not found
Refreshing native plugins compatible for Editor in 0.51 ms, found 1 plugins.
Preloading 0 native plugins for Editor in 0.00 ms.
Mono: successfully reloaded assembly
- Completed reload, in  0.776 seconds
Platform modules already initialized, skipping
Refreshing native plugins compatible for Editor in 0.53 ms, found 1 plugins.
Preloading 0 native plugins for Editor in 0.00 ms.
Unloading 2143 Unused Serialized files (Serialized files now loaded: 0)
System memory in use before: 95.9 MB.
System memory in use after: 95.8 MB.

Unloading 17 unused Assets to reduce memory usage. Loaded Objects now: 2656.
Total: 2.273500 ms (FindLiveObjects: 0.227300 ms CreateObjectMapping: 0.056600 ms MarkObjects: 1.847900 ms  DeleteObjects: 0.140800 ms)

========================================================================
Received Prepare
Registering precompiled user dll's ...
Registered in 0.002937 seconds.
Begin MonoManager ReloadAssembly
Native extension for WindowsStandalone target not found
Native extension for WebGL target not found
Refreshing native plugins compatible for Editor in 0.52 ms, found 1 plugins.
Preloading 0 native plugins for Editor in 0.00 ms.
Mono: successfully reloaded assembly
- Completed reload, in  0.796 seconds
Platform modules already initialized, skipping
Refreshing native plugins compatible for Editor in 0.52 ms, found 1 plugins.
Preloading 0 native plugins for Editor in 0.00 ms.
Unloading 2143 Unused Serialized files (Serialized files now loaded: 0)
System memory in use before: 95.9 MB.
System memory in use after: 95.9 MB.

Unloading 17 unused Assets to reduce memory usage. Loaded Objects now: 2660.
Total: 2.183400 ms (FindLiveObjects: 0.272300 ms CreateObjectMapping: 0.054800 ms MarkObjects: 1.742600 ms  DeleteObjects: 0.112600 ms)

========================================================================
Received Import Request.
  Time since last request: 2826.720952 seconds.
  path: Assets/prefab/Player.prefab
  artifactKey: Guid(9dbfe65ca4ce48542b23a49bae47b337) Importer(815301076,1909f56bfc062723c751e8b465ee728b)
Start importing Assets/prefab/Player.prefab using Guid(9dbfe65ca4ce48542b23a49bae47b337) Importer(815301076,1909f56bfc062723c751e8b465ee728b)  -> (artifact id: '384b3605437084ab00ec18f726db02d2') in 0.040324 seconds
  Import took 0.044130 seconds .

========================================================================
Received Import Request.
  Time since last request: 563.553789 seconds.
  path: Assets/Scenes/game.unity
  artifactKey: Guid(bd0e5bb3ce008f54f90e26267ed298e3) Importer(815301076,1909f56bfc062723c751e8b465ee728b)
Start importing Assets/Scenes/game.unity using Guid(bd0e5bb3ce008f54f90e26267ed298e3) Importer(815301076,1909f56bfc062723c751e8b465ee728b)  -> (artifact id: '38a1cd914a65ae5628a571d08372ca0d') in 0.003103 seconds
  Import took 0.006717 seconds .

========================================================================
Received Import Request.
  Time since last request: 147.127237 seconds.
  path: Assets/prefab/Player.prefab
  artifactKey: Guid(9dbfe65ca4ce48542b23a49bae47b337) Importer(815301076,1909f56bfc062723c751e8b465ee728b)
Start importing Assets/prefab/Player.prefab using Guid(9dbfe65ca4ce48542b23a49bae47b337) Importer(815301076,1909f56bfc062723c751e8b465ee728b)  -> (artifact id: 'f8f754c5460b773ab31dea5a0a904023') in 0.004910 seconds
  Import took 0.008606 seconds .

========================================================================
Received Prepare
Registering precompiled user dll's ...
Registered in 0.003075 seconds.
Begin MonoManager ReloadAssembly
Native extension for WindowsStandalone target not found
Native extension for WebGL target not found
Refreshing native plugins compatible for Editor in 0.53 ms, found 1 plugins.
Preloading 0 native plugins for Editor in 0.00 ms.
Mono: successfully reloaded assembly
- Completed reload, in  0.783 seconds
Platform modules already initialized, skipping
Refreshing native plugins compatible for Editor in 0.53 ms, found 1 plugins.
Preloading 0 native plugins for Editor in 0.00 ms.
Unloading 2143 Unused Serialized files (Serialized files now loaded: 0)
System memory in use before: 95.9 MB.
System memory in use after: 95.9 MB.

Unloading 18 unused Assets to reduce memory usage. Loaded Objects now: 2664.
Total: 2.078900 ms (FindLiveObjects: 0.203300 ms CreateObjectMapping: 0.051400 ms MarkObjects: 1.701300 ms  DeleteObjects: 0.121900 ms)

========================================================================
Received Import Request.
  Time since last request: 18.310022 seconds.
  path: Assets/prefab/Player.prefab
  artifactKey: Guid(9dbfe65ca4ce48542b23a49bae47b337) Importer(815301076,1909f56bfc062723c751e8b465ee728b)
Start importing Assets/prefab/Player.prefab using Guid(9dbfe65ca4ce48542b23a49bae47b337) Importer(815301076,1909f56bfc062723c751e8b465ee728b)  -> (artifact id: '5fcb4b1a367325c9a7afea5c55b43ce5') in 0.034179 seconds
  Import took 0.037929 seconds .

========================================================================
Received Import Request.
  Time since last request: 44.254329 seconds.
  path: Assets/TextMesh Pro
  artifactKey: Guid(f54d1bd14bd3ca042bd867b519fee8cc) Importer(815301076,1909f56bfc062723c751e8b465ee728b)
Start importing Assets/TextMesh Pro using Guid(f54d1bd14bd3ca042bd867b519fee8cc) Importer(815301076,1909f56bfc062723c751e8b465ee728b)  -> (artifact id: '16b4cbde9565bf190136f1148817e1ea') in 0.002838 seconds
  Import took 0.006306 seconds .

========================================================================
Received Prepare
Registering precompiled user dll's ...
Registered in 0.003825 seconds.
Begin MonoManager ReloadAssembly
Native extension for WindowsStandalone target not found
Native extension for WebGL target not found
Refreshing native plugins compatible for Editor in 0.62 ms, found 1 plugins.
Preloading 0 native plugins for Editor in 0.00 ms.
Mono: successfully reloaded assembly
- Completed reload, in  0.914 seconds
Platform modules already initialized, skipping
Refreshing native plugins compatible for Editor in 0.97 ms, found 1 plugins.
Preloading 0 native plugins for Editor in 0.00 ms.
Unloading 2143 Unused Serialized files (Serialized files now loaded: 0)
System memory in use before: 95.9 MB.
System memory in use after: 95.9 MB.

Unloading 18 unused Assets to reduce memory usage. Loaded Objects now: 2668.
Total: 3.192600 ms (FindLiveObjects: 0.328100 ms CreateObjectMapping: 0.069700 ms MarkObjects: 2.626300 ms  DeleteObjects: 0.167000 ms)

AssetImportWorkerClient::OnTransportError - code=2 error=End of file
